[Message: Preloader] BepInEx 6.0.0-reactor.23 - Among Us
[Message: Preloader] BLEEDING EDGE Build #23 from dd899535f444a17128061a9ff96c17b85b9e6967 at reactor
[Info   :   BepInEx] System platform: Bits64, Windows
[Message: Preloader] Generating Il2CppUnhollower assemblies
[Info   : Preloader] Generating Il2CppDumper intermediate assemblies
[Info   : Preloader] Executing Il2CppUnhollower generator
[Info   :Unhollower] Reading assemblies... 
[Info   :Unhollower] Done in 00:00:00.0164031
[Info   :Unhollower] Reading system assemblies... 
[Info   :Unhollower] Done in 00:00:00.0395058
[Info   :Unhollower] Reading unity assemblies... 
[Info   :Unhollower] Done in 00:00:00.0423722
[Info   :Unhollower] Creating rewrite assemblies... 
[Info   :Unhollower] Done in 00:00:00.0047112
[Info   :Unhollower] Computing renames... 
[Info   :Unhollower] Done in 00:00:00.0388343
[Info   :Unhollower] Creating typedefs... 
[Info   :Unhollower] Done in 00:00:00.0418871
[Info   :Unhollower] Computing struct blittability... 
[Info   :Unhollower] Done in 00:00:00.0029869
[Info   :Unhollower] Filling typedefs... 
[Info   :Unhollower] Done in 00:00:00.0245400
[Info   :Unhollower] Filling generic constraints... 
[Info   :Unhollower] Done in 00:00:00.0010606
[Info   :Unhollower] Creating members... 
[Info   :Unhollower] Done in 00:00:00.4307971
[Info   :Unhollower] Scanning method cross-references... 
[Info   :Unhollower] Done in 00:00:00.9258502
[Info   :Unhollower] Finalizing method declarations... 
[Info   :Unhollower] Done in 00:00:00.8876379
[Info   :Unhollower] 1 total potentially dead methods
[Info   :Unhollower] Filling method parameters... 
[Info   :Unhollower] Done in 00:00:00.1541249
[Info   :Unhollower] Creating static constructors... 
[Info   :Unhollower] Done in 00:00:00.2530169
[Info   :Unhollower] Creating value type fields... 
[Info   :Unhollower] Done in 00:00:00.1122884
[Info   :Unhollower] Creating enums... 
[Info   :Unhollower] Done in 00:00:00.0150821
[Info   :Unhollower] Creating IntPtr constructors... 
[Info   :Unhollower] Done in 00:00:00.0336208
[Info   :Unhollower] Creating type getters... 
[Info   :Unhollower] Done in 00:00:00.0604583
[Info   :Unhollower] Creating non-blittable struct constructors... 
[Info   :Unhollower] Done in 00:00:00.0042707
[Info   :Unhollower] Creating generic method static constructors... 
[Info   :Unhollower] Done in 00:00:00.0222687
[Info   :Unhollower] Creating field accessors... 
[Info   :Unhollower] Done in 00:00:00.5354756
[Info   :Unhollower] Filling methods... 
[Info   :Unhollower] Done in 00:00:01.4104976
[Info   :Unhollower] Generating implicit conversions... 
[Info   :Unhollower] Done in 00:00:00.0398042
[Info   :Unhollower] Creating properties... 
[Info   :Unhollower] Done in 00:00:00.0453626
[Info   :Unhollower] Unstripping types... 
[Info   :Unhollower] Done in 00:00:00.0298052
[Info   :Unhollower] Unstripping fields... 
[Info   :Unhollower] 
[Info   :Unhollower] 642 fields restored
[Info   :Unhollower] 28 fields failed to restore
[Info   :Unhollower] Done in 00:00:00.0091074
[Info   :Unhollower] Unstripping methods... 
[Info   :Unhollower] 
[Info   :Unhollower] 15480 methods restored
[Info   :Unhollower] 1251 methods failed to restore
[Info   :Unhollower] Done in 00:00:00.4754137
[Info   :Unhollower] Unstripping method bodies... 
[Info   :Unhollower] 
[Info   :Unhollower] IL unstrip statistics: 7107 successful, 3201 failed
[Info   :Unhollower] Done in 00:00:00.5273204
[Info   :Unhollower] Generating forwarded types... 
[Info   :Unhollower] Done in 00:00:00.0045045
[Info   :Unhollower] Writing xref cache... 
[Info   :Unhollower] Done in 00:00:00.2748131
[Info   :Unhollower] Writing assemblies... 
[Info   :Unhollower] Done in 00:00:03.1456701
[Info   :Unhollower] Writing method pointer map... 
[Info   :Unhollower] Done in 00:00:00.0900834
[Info   :Unhollower] Done!
[Info   : Preloader] Running under Unity v2020.3.7
[Info   : Preloader] 0 patcher plugins loaded
[Info   : Preloader] 0 assemblies discovered
[Message:   BepInEx] Chainloader initialized
[Info   :Unhollower] Registered mono type UnhollowerRuntimeLib.DelegateSupport+Il2CppToMonoDelegateReference in il2cpp domain
[Info   :   BepInEx] 2 plugins to load
[Info   :   BepInEx] Loading [Reactor 1.0.0-ci.83]
[Info   :Unhollower] Registered mono type Reactor.Coroutines+Component in il2cpp domain
[Info   :Unhollower] Registered mono type Reactor.ReactorPlugin+ReactorComponent in il2cpp domain
[Info   :   BepInEx] Loading [Town Of Us 2.2.1]
[Warning:Unhollower] Method Void AddRend(UnityEngine.Renderer, Int32) on type TownOfUs.RainbowMod.RainbowBehaviour has unsupported parameter Int32 id of type System.Int32
[Info   :Unhollower] Registered mono type TownOfUs.RainbowMod.RainbowBehaviour in il2cpp domain
[Message:   BepInEx] Chainloader startup complete
[Message:Town Of Us] Generating Hats from namespace TownOfUs.Resources.Hats
